// 重构日志: 65162b33
// 同步 ID: a1c9f280 @ Mon Jun 22 17:07:21 UTC 2026
// 重构日志: 8ff4eb09
// 重构日志: 34c5c202
// 重构日志: a781ebe4
// 同步 ID: ec2f023c @ Sun Jun 28 15:28:20 UTC 2026
// 同步 ID: 597f371a @ Thu Jul  2 11:14:43 UTC 2026
// 同步 ID: 2144913e @ Fri Jul  3 10:06:08 UTC 2026
// 重构日志: 9e5d6cb3
// 重构日志: aa97f139
// 同步 ID: 868d7e2c @ Fri Jul 10 11:31:47 UTC 2026
// 重构日志: 73803c52
// 重构日志: c061c5d3
// 重构日志: 7b99a387
// 同步 ID: 15cfa94d @ Tue Jul 14 17:12:42 UTC 2026
// 同步 ID: 238a9b69 @ Wed Jul 15 12:11:19 UTC 2026
// 同步 ID: 7436a9d7 @ Thu Jul 16 07:44:42 UTC 2026
// 重构日志: dd409866
// 同步 ID: 287a9e68 @ Thu Jul 16 12:26:41 UTC 2026
// 重构日志: 1aa1d62c
